-------------------- Log Start | Tue Jan 23 20:47:57 2024 --------------------
data_path: /home/dietpi/printer_data
is_default_data_path: False
config_file: /home/dietpi/printer_data/config/moonraker.conf
startup_warnings: []
verbose: False
debug: False
asyncio_debug: False
is_backup_config: False
is_python_package: False
instance_uuid: b777dcf7ec8f45e0be825669e1e270a6
unix_socket_path: /home/dietpi/printer_data/comms/moonraker.sock
software_version: v0.8.0-283-gd10ce87
git_branch: master
git_remote: origin
git_repo_url: https://github.com/Arksine/moonraker.git
modified_files: []
unofficial_components: []
log_file: /home/dietpi/printer_data/logs/moonraker.log
python_version: 3.11.2 (main, Mar 13 2023, 12:18:29) [GCC 12.2.0]
launch_args: /home/dietpi/moonraker-env/bin/python /home/dietpi/moonraker/moonraker/moonraker.py -d /home/dietpi/printer_data
msgspec_enabled: False
uvloop_enabled: False

#################### Moonraker Configuration ####################

[server]
host = 0.0.0.0
port = 7125
klippy_uds_address = /home/dietpi/printer_data/comms/klippy.sock

[authorization]
trusted_clients = 
	10.0.0.0/8
	127.0.0.0/8
	169.254.0.0/16
	172.16.0.0/12
	192.168.0.0/16
	FE80::/10
	::1/128
cors_domains = 
	*.lan
	*.local
	*://localhost
	*://localhost:*
	*://my.mainsail.xyz
	*://app.fluidd.xyz

[octoprint_compat]

[history]

[update_manager]
channel = dev
refresh_interval = 168

[update_manager mainsail-config]
type = git_repo
primary_branch = master
path = ~/mainsail-config
origin = https://github.com/mainsail-crew/mainsail-config.git
managed_services = klipper

[update_manager mainsail]
type = web
channel = stable
repo = mainsail-crew/mainsail
path = ~/mainsail

[update_manager crowsnest]
type = git_repo
path = ~/crowsnest
origin = https://github.com/mainsail-crew/crowsnest.git
managed_services = crowsnest
install_script = tools/pkglist.sh

[power nous4]
type = homeassistant
address = 192.168.178.60
port = 8123
protocol = http
device = switch.nous4_switch
token = eyJhbGciOiJIUzI1NiIsInR5cCI6IkpXVCJ9.eyJpc3MiOiI3ZDRhNDc5ZDg4NDk0OGIwYjMzMzQ4YmUwN2RjNTY3ZiIsImlhdCI6MTY5NzQ2Mjc2NSwiZXhwIjoyMDEyODIyNzY1fQ.LXp-8zcFRI-cDFT5TIncg8M7f6o0iV-iMp04tnVa2N8
domain = switch
bound_services = klipper
locked_while_printing = True
on_when_job_queued = True
restart_klipper_when_powered = True
restart_delay = 2

[update_manager moonraker-obico]
type = git_repo
path = /home/dietpi/moonraker-obico
origin = https://github.com/TheSpaghettiDetective/moonraker-obico.git
env = /home/dietpi/moonraker-obico/../moonraker-obico-env/bin/python
requirements = requirements.txt
install_script = install.sh
managed_services = 
	moonraker-obico

#################################################################
All Configuration Files:
/home/dietpi/printer_data/config/moonraker.conf
/home/dietpi/printer_data/config/moonraker-obico-update.cfg
#################################################################

Database Versions: pylmdb = 1.4.1, lmdb = (0, 9, 29)
Unsafe Shutdown Count: 4

System Info:

***python***
  version: (3, 11, 2, 'final', 0)
  version_string: 3.11.2 (main, Mar 13 2023, 12:18:29) [GCC 12.2.0]

***cpu_info***
  cpu_count: 8
  bits: 32bit
  processor: armv7l
  cpu_desc: ARMv7 Processor rev 3 (v7l)
  serial_number: 0
  hardware_desc: Samsung Exynos (Flattened Device Tree)
  model: 
  total_memory: 2036572
  memory_units: kB

***sd_info***
  manufacturer_id: 03
  manufacturer: Sandisk
  oem_id: 5344
  product_name: SC32G
  product_revision: 8.0
  serial_number: 2c9e3bfd
  manufacturer_date: 6/2018
  capacity: 29.7 GiB
  total_bytes: 31914983424

***distribution***
  name: Debian GNU/Linux 12 (bookworm)
  id: debian
  version: 12
  version_parts: {'major': '12', 'minor': '', 'build_number': ''}
  like: 
  codename: bookworm
  release_info: {}

***virtualization***
  virt_type: none
  virt_identifier: none

***network***

***canbus***

***Allowed Services***
  klipper_mcu
  webcamd
  MoonCord
  KlipperScreen
  moonraker-telegram-bot
  moonraker-obico
  sonar
  crowsnest
  octoeverywhere
  ratos-configurator

Systemd unit moonraker.service:
unit_name: moonraker.service
is_default: True
manager: systemd
Properties:
**Requires=['network-online.target', '-.mount', 'sysinit.target', 'system.slice']
**After=['sysinit.target', 'network-online.target', 'basic.target', 'system.slice', '-.mount', 'systemd-journald.socket']
**SupplementaryGroups=['moonraker-admin']
**EnvironmentFiles=/home/dietpi/printer_data/systemd/moonraker.env
**ExecStart=/home/dietpi/moonraker-env/bin/python $MOONRAKER_ARGS
**WorkingDirectory=/home/dietpi/moonraker
**FragmentPath=/etc/systemd/system/moonraker.service
**Description=API Server for Klipper SV1
**User=dietpi

Systemd unit klipper.service:
unit_name: klipper.service
is_default: True
manager: systemd
Properties:
**Requires=['sysinit.target', '-.mount', 'system.slice']
**After=['system.slice', 'systemd-journald.socket', 'basic.target', 'klipper-mcu.service', 'network-online.target', 'sysinit.target', '-.mount']
**SupplementaryGroups=[]
**EnvironmentFiles=/home/dietpi/printer_data/systemd/klipper.env
**ExecStart=/home/dietpi/klippy-env/bin/python $KLIPPER_ARGS
**WorkingDirectory=/home/dietpi/klipper
**FragmentPath=/etc/systemd/system/klipper.service
**Description=Klipper 3D Printer Firmware SV1
**User=dietpi
Git Repo moonraker: No warnings detected
Git Repo klipper: No warnings detected
Git Repo mainsail-config: No warnings detected
Git Repo crowsnest: No warnings detected
Git Repo moonraker-obico: No warnings detected
Klipper Version: v0.12.0-85-gd785b396
2024-01-23 21:47:57,186 [authorization.py:_check_trusted_connection()] - Trusted Connection Detected, IP: 192.168.178.43
2024-01-23 21:47:57,197 [application.py:log_request()] - 101 GET /websocket (192.168.178.43) [_TRUSTED_USER_] 17.93ms
2024-01-23 21:47:57,199 [websockets.py:open()] - Websocket Opened: ID: 2820868720, Proxied: True, User Agent: Mozilla/5.0 (X11; Linux x86_64; rv:120.0) Gecko/20100101 Firefox/120.0, Host Name: 192.168.178.63
2024-01-23 21:47:57,320 [websockets.py:_handle_identify()] - Websocket 2820868720 Client Identified - Name: mainsail, Version: 2.9.1, Type: web
2024-01-23 21:48:07,762 [klippy_connection.py:_on_connection_closed()] - Klippy Connection Removed
2024-01-23 21:48:09,040 [klippy_connection.py:_do_connect()] - Klippy Connection Established
2024-01-23 21:48:12,643 [klippy_connection.py:_request_initial_subscriptions()] - Webhooks Subscribed
2024-01-23 21:48:12,649 [klippy_connection.py:_request_initial_subscriptions()] - GCode Output Subscribed
2024-01-23 21:48:12,894 [job_state.py:_handle_started()] - Job state initialized: standby
2024-01-23 21:48:13,200 [klippy_connection.py:_check_ready()] - Klippy ready
2024-01-23 21:48:13,681 [data_store.py:_init_sensors()] - Configuring available sensors: ['temperature_sensor host', 'heater_bed', 'temperature_sensor mcu_temp', 'extruder']
2024-01-23 21:48:21,476 [common.py:build_error()] - JSON-RPC Request Error - Requested Method: printer.gcode.script, Code: 400, Message: Must home axis first: 0.000 0.000 10.000 [0.000]
2024-01-23 22:00:36,480 [websockets.py:on_close()] - Websocket Closed: ID: 2820868720 Close Code: None, Close Reason: None, Pong Time Elapsed: 9.27
2024-01-23 22:01:17,155 [authorization.py:_check_trusted_connection()] - Trusted Connection Detected, IP: 192.168.178.22
2024-01-23 22:01:17,162 [application.py:log_request()] - 101 GET /websocket (192.168.178.22) [_TRUSTED_USER_] 12.78ms
2024-01-23 22:01:17,164 [websockets.py:open()] - Websocket Opened: ID: 2802771760, Proxied: True, User Agent: Mozilla/5.0 (X11; Linux x86_64; rv:121.0) Gecko/20100101 Firefox/121.0, Host Name: 192.168.178.63
2024-01-23 22:01:17,178 [websockets.py:_handle_identify()] - Websocket 2802771760 Client Identified - Name: mainsail, Version: 2.9.1, Type: web
2024-01-23 22:01:52,419 [base_deploy.py:log_info()] - PackageKit: Detected 0 package updates:

2024-01-23 22:01:52,459 [shell_command.py:_check_proc_success()] - Command (git -C /home/dietpi/moonraker status --porcelain -b) successfully finished
2024-01-23 22:01:52,494 [shell_command.py:_check_proc_success()] - Command (git -C /home/dietpi/moonraker branch --list --no-color) successfully finished
2024-01-23 22:01:52,510 [shell_command.py:_check_proc_success()] - Command (git -C /home/dietpi/moonraker remote get-url origin) successfully finished
2024-01-23 22:01:53,894 [shell_command.py:_check_proc_success()] - Command (git -C /home/dietpi/moonraker fetch origin --prune --progress) successfully finished
2024-01-23 22:01:53,923 [shell_command.py:_check_proc_success()] - Command (git -C /home/dietpi/moonraker merge-base --is-ancestor HEAD origin/master) successfully finished
2024-01-23 22:01:53,962 [shell_command.py:_check_proc_success()] - Command (git -C /home/dietpi/moonraker rev-parse HEAD) successfully finished
2024-01-23 22:01:54,019 [shell_command.py:_check_proc_success()] - Command (git -C /home/dietpi/moonraker describe --always --tags --long --dirty --abbrev=8) successfully finished
2024-01-23 22:01:54,046 [shell_command.py:_check_proc_success()] - Command (git -C /home/dietpi/moonraker rev-parse origin/master) successfully finished
2024-01-23 22:01:54,113 [shell_command.py:_check_proc_success()] - Command (git -C /home/dietpi/moonraker describe origin/master --always --tags --long --abbrev=8) successfully finished
2024-01-23 22:01:54,148 [shell_command.py:_check_proc_success()] - Command (git -C /home/dietpi/moonraker rev-list HEAD..f44fc4b85be5d6f6569edeb332c8e2770a39d1cd --count) successfully finished
2024-01-23 22:01:54,183 [shell_command.py:_check_proc_success()] - Command (git -C /home/dietpi/moonraker log d10ce8772dc5bdf3195f89783cf2f858b3c33b50..origin/master --format="sha:%H%x1Dauthor:%an%x1Ddate:%ct%x1Dsubject:%s%x1Dmessage:%b%x1E" --max-count=100) successfully finished
2024-01-23 22:01:54,296 [shell_command.py:_check_proc_success()] - Command (git -C /home/dietpi/moonraker for-each-ref --count=100 --sort='-creatordate' --contains=HEAD --merged=origin/master --format='%(if)%(*objecttype)%(then)%(*objecttype) %(*objectname)%(else)%(objecttype) %(objectname)%(end) %(refname)' 'refs/tags') successfully finished
2024-01-23 22:01:54,297 [git_deploy.py:log_repo_info()] - Git Repo moonraker Detected:
Owner: Arksine
Repository Name: moonraker
Path: /home/dietpi/moonraker
Remote: origin
Branch: master
Remote URL: https://github.com/Arksine/moonraker.git
Recovery URL: https://github.com/Arksine/moonraker.git
Current Commit SHA: d10ce8772dc5bdf3195f89783cf2f858b3c33b50
Upstream Commit SHA: f44fc4b85be5d6f6569edeb332c8e2770a39d1cd
Current Version: v0.8.0-283-gd10ce877
Upstream Version: v0.8.0-286-gf44fc4b8
Rollback Commit: ca595163bb44ddd6bbaac3d698dc31f23ef58777
Rollback Branch: master
Rollback Version: v0.8.0-241-gca595163
Is Dirty: False
Is Detached: False
Is Shallow: False
Commits Behind Count: 3
Diverged: False
2024-01-23 22:01:54,297 [base_deploy.py:log_info()] - Git Repo moonraker: Channel: dev
2024-01-23 22:01:54,297 [base_deploy.py:log_info()] - Git Repo moonraker: Validity check for git repo passed
2024-01-23 22:01:54,391 [shell_command.py:_check_proc_success()] - Command (git -C /home/dietpi/klipper status --porcelain -b) successfully finished
2024-01-23 22:01:54,449 [shell_command.py:_check_proc_success()] - Command (git -C /home/dietpi/klipper branch --list --no-color) successfully finished
2024-01-23 22:01:54,489 [shell_command.py:_check_proc_success()] - Command (git -C /home/dietpi/klipper remote get-url origin) successfully finished
2024-01-23 22:01:55,682 [shell_command.py:_check_proc_success()] - Command (git -C /home/dietpi/klipper fetch origin --prune --progress) successfully finished
2024-01-23 22:01:55,728 [shell_command.py:_check_proc_success()] - Command (git -C /home/dietpi/klipper merge-base --is-ancestor HEAD origin/master) successfully finished
2024-01-23 22:01:55,750 [shell_command.py:_check_proc_success()] - Command (git -C /home/dietpi/klipper rev-parse HEAD) successfully finished
2024-01-23 22:01:55,898 [shell_command.py:_check_proc_success()] - Command (git -C /home/dietpi/klipper describe --always --tags --long --dirty --abbrev=8) successfully finished
2024-01-23 22:01:55,935 [shell_command.py:_check_proc_success()] - Command (git -C /home/dietpi/klipper rev-parse origin/master) successfully finished
2024-01-23 22:01:56,115 [shell_command.py:_check_proc_success()] - Command (git -C /home/dietpi/klipper describe origin/master --always --tags --long --abbrev=8) successfully finished
2024-01-23 22:01:56,163 [shell_command.py:_check_proc_success()] - Command (git -C /home/dietpi/klipper rev-list HEAD..2e8b54ae5f01e2c4897eec109cd8a0cb3c0e5c4a --count) successfully finished
2024-01-23 22:01:56,188 [shell_command.py:_check_proc_success()] - Command (git -C /home/dietpi/klipper log d785b396a72b57c073ce5bdf7a9d5e9fe39fc914..origin/master --format="sha:%H%x1Dauthor:%an%x1Ddate:%ct%x1Dsubject:%s%x1Dmessage:%b%x1E" --max-count=100) successfully finished
2024-01-23 22:01:56,326 [shell_command.py:_check_proc_success()] - Command (git -C /home/dietpi/klipper for-each-ref --count=100 --sort='-creatordate' --contains=HEAD --merged=origin/master --format='%(if)%(*objecttype)%(then)%(*objecttype) %(*objectname)%(else)%(objecttype) %(objectname)%(end) %(refname)' 'refs/tags') successfully finished
2024-01-23 22:01:56,327 [git_deploy.py:log_repo_info()] - Git Repo klipper Detected:
Owner: Klipper3d
Repository Name: klipper
Path: /home/dietpi/klipper
Remote: origin
Branch: master
Remote URL: https://github.com/Klipper3d/klipper
Recovery URL: https://github.com/Klipper3d/klipper
Current Commit SHA: d785b396a72b57c073ce5bdf7a9d5e9fe39fc914
Upstream Commit SHA: 2e8b54ae5f01e2c4897eec109cd8a0cb3c0e5c4a
Current Version: v0.12.0-85-gd785b396
Upstream Version: v0.12.0-88-g2e8b54ae
Rollback Commit: b502558052f40339baa04fcfcbbeb65aa77dc1d8
Rollback Branch: master
Rollback Version: v0.12.0-55-gb5025580
Is Dirty: False
Is Detached: False
Is Shallow: False
Commits Behind Count: 3
Diverged: False
2024-01-23 22:01:56,327 [base_deploy.py:log_info()] - Git Repo klipper: Channel: dev
2024-01-23 22:01:56,328 [base_deploy.py:log_info()] - Git Repo klipper: Validity check for git repo passed
2024-01-23 22:01:56,370 [shell_command.py:_check_proc_success()] - Command (git -C /home/dietpi/mainsail-config status --porcelain -b) successfully finished
2024-01-23 22:01:56,433 [shell_command.py:_check_proc_success()] - Command (git -C /home/dietpi/mainsail-config branch --list --no-color) successfully finished
2024-01-23 22:01:56,464 [shell_command.py:_check_proc_success()] - Command (git -C /home/dietpi/mainsail-config remote get-url origin) successfully finished
2024-01-23 22:01:57,266 [shell_command.py:_check_proc_success()] - Command (git -C /home/dietpi/mainsail-config fetch origin --prune --progress) successfully finished
2024-01-23 22:01:57,299 [shell_command.py:_check_proc_success()] - Command (git -C /home/dietpi/mainsail-config merge-base --is-ancestor HEAD origin/master) successfully finished
2024-01-23 22:01:57,315 [shell_command.py:_check_proc_success()] - Command (git -C /home/dietpi/mainsail-config rev-parse HEAD) successfully finished
2024-01-23 22:01:57,339 [shell_command.py:_check_proc_success()] - Command (git -C /home/dietpi/mainsail-config describe --always --tags --long --dirty --abbrev=8) successfully finished
2024-01-23 22:01:57,349 [shell_command.py:_check_proc_success()] - Command (git -C /home/dietpi/mainsail-config rev-parse origin/master) successfully finished
2024-01-23 22:01:57,362 [shell_command.py:_check_proc_success()] - Command (git -C /home/dietpi/mainsail-config describe origin/master --always --tags --long --abbrev=8) successfully finished
2024-01-23 22:01:57,374 [shell_command.py:_check_proc_success()] - Command (git -C /home/dietpi/mainsail-config rev-list HEAD..e57810d51b5c634aadaca4db923bfcba269ae4b3 --count) successfully finished
2024-01-23 22:01:57,375 [git_deploy.py:log_repo_info()] - Git Repo mainsail-config Detected:
Owner: mainsail-crew
Repository Name: mainsail-config
Path: /home/dietpi/mainsail-config
Remote: origin
Branch: master
Remote URL: https://github.com/mainsail-crew/mainsail-config.git
Recovery URL: https://github.com/mainsail-crew/mainsail-config.git
Current Commit SHA: e57810d51b5c634aadaca4db923bfcba269ae4b3
Upstream Commit SHA: e57810d51b5c634aadaca4db923bfcba269ae4b3
Current Version: v1.2.1-0-ge57810d5
Upstream Version: v1.2.1-0-ge57810d5
Rollback Commit: 76a9999986b03abb3aed272dc0a818f13a18ea7e
Rollback Branch: master
Rollback Version: v1.1.0-1-g76a99999
Is Dirty: False
Is Detached: False
Is Shallow: False
Commits Behind Count: 0
Diverged: False
2024-01-23 22:01:57,376 [base_deploy.py:log_info()] - Git Repo mainsail-config: Channel: dev
2024-01-23 22:01:57,376 [base_deploy.py:log_info()] - Git Repo mainsail-config: Validity check for git repo passed
2024-01-23 22:01:57,747 [base_deploy.py:log_info()] - Web Client mainsail: Detected
Repo: mainsail-crew/mainsail
Channel: stable
Path: /home/dietpi/mainsail
Local Version: v2.9.1
Remote Version: v2.9.1
Valid: True
Fallback Detected: False
Pre-release: False
Download Url: https://github.com/mainsail-crew/mainsail/releases/download/v2.9.1/mainsail.zip
Download Size: 2071443
Content Type: application/zip
Rollback Version: v2.9.0
Rollback Repo: mainsail-crew/mainsail
2024-01-23 22:01:57,783 [shell_command.py:_check_proc_success()] - Command (git -C /home/dietpi/crowsnest status --porcelain -b) successfully finished
2024-01-23 22:01:57,822 [shell_command.py:_check_proc_success()] - Command (git -C /home/dietpi/crowsnest branch --list --no-color) successfully finished
2024-01-23 22:01:57,860 [shell_command.py:_check_proc_success()] - Command (git -C /home/dietpi/crowsnest remote get-url origin) successfully finished
2024-01-23 22:01:58,614 [shell_command.py:_check_proc_success()] - Command (git -C /home/dietpi/crowsnest fetch origin --prune --progress) successfully finished
2024-01-23 22:01:58,639 [shell_command.py:_check_proc_success()] - Command (git -C /home/dietpi/crowsnest merge-base --is-ancestor HEAD origin/master) successfully finished
2024-01-23 22:01:58,652 [shell_command.py:_check_proc_success()] - Command (git -C /home/dietpi/crowsnest rev-parse HEAD) successfully finished
2024-01-23 22:01:58,672 [shell_command.py:_check_proc_success()] - Command (git -C /home/dietpi/crowsnest describe --always --tags --long --dirty --abbrev=8) successfully finished
2024-01-23 22:01:58,682 [shell_command.py:_check_proc_success()] - Command (git -C /home/dietpi/crowsnest rev-parse origin/master) successfully finished
2024-01-23 22:01:58,704 [shell_command.py:_check_proc_success()] - Command (git -C /home/dietpi/crowsnest describe origin/master --always --tags --long --abbrev=8) successfully finished
2024-01-23 22:01:58,718 [shell_command.py:_check_proc_success()] - Command (git -C /home/dietpi/crowsnest rev-list HEAD..c0c9c418c8e7d6158bfd7bb51a184ab20b77d075 --count) successfully finished
2024-01-23 22:01:58,719 [git_deploy.py:log_repo_info()] - Git Repo crowsnest Detected:
Owner: mainsail-crew
Repository Name: crowsnest
Path: /home/dietpi/crowsnest
Remote: origin
Branch: master
Remote URL: https://github.com/mainsail-crew/crowsnest.git
Recovery URL: https://github.com/mainsail-crew/crowsnest.git
Current Commit SHA: c0c9c418c8e7d6158bfd7bb51a184ab20b77d075
Upstream Commit SHA: c0c9c418c8e7d6158bfd7bb51a184ab20b77d075
Current Version: v4.1.3-1-gc0c9c418
Upstream Version: v4.1.3-1-gc0c9c418
Rollback Commit: f7ac6aa298143f0019eae9b2b2be8039196ebeda
Rollback Branch: master
Rollback Version: v4.1.1-1-gf7ac6aa2
Is Dirty: False
Is Detached: False
Is Shallow: False
Commits Behind Count: 0
Diverged: False
2024-01-23 22:01:58,719 [base_deploy.py:log_info()] - Git Repo crowsnest: Channel: dev
2024-01-23 22:01:58,719 [base_deploy.py:log_info()] - Git Repo crowsnest: Validity check for git repo passed
2024-01-23 22:01:58,742 [shell_command.py:_check_proc_success()] - Command (git -C /home/dietpi/moonraker-obico status --porcelain -b) successfully finished
2024-01-23 22:01:58,784 [shell_command.py:_check_proc_success()] - Command (git -C /home/dietpi/moonraker-obico branch --list --no-color) successfully finished
2024-01-23 22:01:58,811 [shell_command.py:_check_proc_success()] - Command (git -C /home/dietpi/moonraker-obico remote get-url origin) successfully finished
2024-01-23 22:01:59,611 [shell_command.py:_check_proc_success()] - Command (git -C /home/dietpi/moonraker-obico fetch origin --prune --progress) successfully finished
2024-01-23 22:01:59,642 [shell_command.py:_check_proc_success()] - Command (git -C /home/dietpi/moonraker-obico merge-base --is-ancestor HEAD origin/master) successfully finished
2024-01-23 22:01:59,664 [shell_command.py:_check_proc_success()] - Command (git -C /home/dietpi/moonraker-obico rev-parse HEAD) successfully finished
2024-01-23 22:01:59,712 [shell_command.py:_check_proc_success()] - Command (git -C /home/dietpi/moonraker-obico describe --always --tags --long --dirty --abbrev=8) successfully finished
2024-01-23 22:01:59,737 [shell_command.py:_check_proc_success()] - Command (git -C /home/dietpi/moonraker-obico rev-parse origin/master) successfully finished
2024-01-23 22:01:59,767 [shell_command.py:_check_proc_success()] - Command (git -C /home/dietpi/moonraker-obico describe origin/master --always --tags --long --abbrev=8) successfully finished
2024-01-23 22:01:59,784 [shell_command.py:_check_proc_success()] - Command (git -C /home/dietpi/moonraker-obico rev-list HEAD..1dc1b19c7ab53e15d89c6edbdf34a635439aad0c --count) successfully finished
2024-01-23 22:01:59,784 [git_deploy.py:log_repo_info()] - Git Repo moonraker-obico Detected:
Owner: TheSpaghettiDetective
Repository Name: moonraker-obico
Path: /home/dietpi/moonraker-obico
Remote: origin
Branch: master
Remote URL: https://github.com/TheSpaghettiDetective/moonraker-obico.git
Recovery URL: https://github.com/TheSpaghettiDetective/moonraker-obico.git
Current Commit SHA: 1dc1b19c7ab53e15d89c6edbdf34a635439aad0c
Upstream Commit SHA: 1dc1b19c7ab53e15d89c6edbdf34a635439aad0c
Current Version: v1.5.4-0-g1dc1b19c
Upstream Version: v1.5.4-0-g1dc1b19c
Rollback Commit: 1dc1b19c7ab53e15d89c6edbdf34a635439aad0c
Rollback Branch: master
Rollback Version: v1.5.4-0-g1dc1b19c
Is Dirty: False
Is Detached: False
Is Shallow: False
Commits Behind Count: 0
Diverged: False
2024-01-23 22:01:59,785 [base_deploy.py:log_info()] - Git Repo moonraker-obico: Channel: dev
2024-01-23 22:01:59,785 [base_deploy.py:log_info()] - Git Repo moonraker-obico: Validity check for git repo passed
2024-01-23 22:02:13,769 [shell_command.py:_check_proc_success()] - Command (git -C /home/dietpi/klipper fetch origin --prune --progress) successfully finished
2024-01-23 22:02:13,808 [shell_command.py:_check_proc_success()] - Command (git -C /home/dietpi/klipper merge-base --is-ancestor HEAD origin/master) successfully finished
2024-01-23 22:02:14,725 [shell_command.py:_check_proc_success()] - Command (git -C /home/dietpi/klipper pull --progress) successfully finished
2024-01-23 22:02:14,826 [shell_command.py:_check_proc_success()] - Command (git -C /home/dietpi/klipper status --porcelain -b) successfully finished
2024-01-23 22:02:14,879 [shell_command.py:_check_proc_success()] - Command (git -C /home/dietpi/klipper branch --list --no-color) successfully finished
2024-01-23 22:02:14,928 [shell_command.py:_check_proc_success()] - Command (git -C /home/dietpi/klipper remote get-url origin) successfully finished
2024-01-23 22:02:14,957 [shell_command.py:_check_proc_success()] - Command (git -C /home/dietpi/klipper merge-base --is-ancestor HEAD origin/master) successfully finished
2024-01-23 22:02:14,972 [shell_command.py:_check_proc_success()] - Command (git -C /home/dietpi/klipper rev-parse HEAD) successfully finished
2024-01-23 22:02:15,164 [shell_command.py:_check_proc_success()] - Command (git -C /home/dietpi/klipper describe --always --tags --long --dirty --abbrev=8) successfully finished
2024-01-23 22:02:15,191 [shell_command.py:_check_proc_success()] - Command (git -C /home/dietpi/klipper rev-parse origin/master) successfully finished
2024-01-23 22:02:15,326 [shell_command.py:_check_proc_success()] - Command (git -C /home/dietpi/klipper describe origin/master --always --tags --long --abbrev=8) successfully finished
2024-01-23 22:02:15,353 [shell_command.py:_check_proc_success()] - Command (git -C /home/dietpi/klipper rev-list HEAD..2e8b54ae5f01e2c4897eec109cd8a0cb3c0e5c4a --count) successfully finished
2024-01-23 22:02:15,355 [git_deploy.py:log_repo_info()] - Git Repo klipper Detected:
Owner: Klipper3d
Repository Name: klipper
Path: /home/dietpi/klipper
Remote: origin
Branch: master
Remote URL: https://github.com/Klipper3d/klipper
Recovery URL: https://github.com/Klipper3d/klipper
Current Commit SHA: 2e8b54ae5f01e2c4897eec109cd8a0cb3c0e5c4a
Upstream Commit SHA: 2e8b54ae5f01e2c4897eec109cd8a0cb3c0e5c4a
Current Version: v0.12.0-88-g2e8b54ae
Upstream Version: v0.12.0-88-g2e8b54ae
Rollback Commit: d785b396a72b57c073ce5bdf7a9d5e9fe39fc914
Rollback Branch: master
Rollback Version: v0.12.0-85-gd785b396
Is Dirty: False
Is Detached: False
Is Shallow: False
Commits Behind Count: 0
Diverged: False
2024-01-23 22:02:15,356 [base_deploy.py:log_info()] - Git Repo klipper: Channel: dev
2024-01-23 22:02:15,356 [base_deploy.py:log_info()] - Git Repo klipper: Validity check for git repo passed
2024-01-23 22:02:15,521 [klippy_connection.py:_on_connection_closed()] - Klippy Connection Removed
2024-01-23 22:02:15,524 [common.py:build_error()] - JSON-RPC Request Error - Requested Method: printer.gcode.script, Code: 503, Message: Klippy Disconnected
2024-01-23 22:02:16,542 [klippy_connection.py:_do_connect()] - Klippy Connection Established
2024-01-23 22:02:16,992 [server.py:add_log_rollover_item()] - Klipper Version: v0.12.0-88-g2e8b54ae
2024-01-23 22:02:17,812 [shell_command.py:_check_proc_success()] - Command (git -C /home/dietpi/moonraker fetch origin --prune --progress) successfully finished
2024-01-23 22:02:17,823 [shell_command.py:_check_proc_success()] - Command (git -C /home/dietpi/moonraker merge-base --is-ancestor HEAD origin/master) successfully finished
2024-01-23 22:02:18,645 [shell_command.py:_check_proc_success()] - Command (git -C /home/dietpi/moonraker pull --progress) successfully finished
2024-01-23 22:02:18,702 [shell_command.py:_check_proc_success()] - Command (git -C /home/dietpi/moonraker status --porcelain -b) successfully finished
2024-01-23 22:02:18,745 [shell_command.py:_check_proc_success()] - Command (git -C /home/dietpi/moonraker branch --list --no-color) successfully finished
2024-01-23 22:02:18,785 [shell_command.py:_check_proc_success()] - Command (git -C /home/dietpi/moonraker remote get-url origin) successfully finished
2024-01-23 22:02:18,804 [shell_command.py:_check_proc_success()] - Command (git -C /home/dietpi/moonraker merge-base --is-ancestor HEAD origin/master) successfully finished
2024-01-23 22:02:18,819 [shell_command.py:_check_proc_success()] - Command (git -C /home/dietpi/moonraker rev-parse HEAD) successfully finished
2024-01-23 22:02:18,889 [shell_command.py:_check_proc_success()] - Command (git -C /home/dietpi/moonraker describe --always --tags --long --dirty --abbrev=8) successfully finished
2024-01-23 22:02:18,913 [shell_command.py:_check_proc_success()] - Command (git -C /home/dietpi/moonraker rev-parse origin/master) successfully finished
2024-01-23 22:02:18,973 [shell_command.py:_check_proc_success()] - Command (git -C /home/dietpi/moonraker describe origin/master --always --tags --long --abbrev=8) successfully finished
2024-01-23 22:02:19,008 [shell_command.py:_check_proc_success()] - Command (git -C /home/dietpi/moonraker rev-list HEAD..f44fc4b85be5d6f6569edeb332c8e2770a39d1cd --count) successfully finished
2024-01-23 22:02:19,010 [git_deploy.py:log_repo_info()] - Git Repo moonraker Detected:
Owner: Arksine
Repository Name: moonraker
Path: /home/dietpi/moonraker
Remote: origin
Branch: master
Remote URL: https://github.com/Arksine/moonraker.git
Recovery URL: https://github.com/Arksine/moonraker.git
Current Commit SHA: f44fc4b85be5d6f6569edeb332c8e2770a39d1cd
Upstream Commit SHA: f44fc4b85be5d6f6569edeb332c8e2770a39d1cd
Current Version: v0.8.0-286-gf44fc4b8
Upstream Version: v0.8.0-286-gf44fc4b8
Rollback Commit: d10ce8772dc5bdf3195f89783cf2f858b3c33b50
Rollback Branch: master
Rollback Version: v0.8.0-283-gd10ce877
Is Dirty: False
Is Detached: False
Is Shallow: False
Commits Behind Count: 0
Diverged: False
2024-01-23 22:02:19,011 [base_deploy.py:log_info()] - Git Repo moonraker: Channel: dev
2024-01-23 22:02:19,012 [base_deploy.py:log_info()] - Git Repo moonraker: Validity check for git repo passed
2024-01-23 22:02:19,142 [server.py:_handle_term_signal()] - Exiting with signal SIGTERM
2024-01-23 22:02:19,257 [websockets.py:on_close()] - Websocket Closed: ID: 2821259664 Close Code: 1000, Close Reason: None, Pong Time Elapsed: 3.71
2024-01-23 22:02:19,262 [websockets.py:on_close()] - Websocket Closed: ID: 2802771760 Close Code: 1001, Close Reason: Server Shutdown, Pong Time Elapsed: 2.09
2024-01-23 22:02:19,268 [klippy_connection.py:_on_connection_closed()] - Klippy Connection Removed
2024-01-23 22:02:19,289 [database.py:close()] - Database statistics:

announcements:
psize: 4096
depth: 0
branch_pages: 0
leaf_pages: 0
overflow_pages: 0
entries: 0
authorized_users:
psize: 4096
depth: 1
branch_pages: 0
leaf_pages: 1
overflow_pages: 0
entries: 1
gcode_metadata:
psize: 4096
depth: 2
branch_pages: 1
leaf_pages: 11
overflow_pages: 0
entries: 29
history:
psize: 4096
depth: 2
branch_pages: 1
leaf_pages: 31
overflow_pages: 0
entries: 63
mainsail:
psize: 4096
depth: 1
branch_pages: 0
leaf_pages: 1
overflow_pages: 0
entries: 10
moonraker:
psize: 4096
depth: 1
branch_pages: 0
leaf_pages: 1
overflow_pages: 0
entries: 7
obico:
psize: 4096
depth: 1
branch_pages: 0
leaf_pages: 1
overflow_pages: 0
entries: 1
update_manager:
psize: 4096
depth: 2
branch_pages: 1
leaf_pages: 3
overflow_pages: 0
entries: 7
webcams:
psize: 4096
depth: 1
branch_pages: 0
leaf_pages: 1
overflow_pages: 0
entries: 1
2024-01-23 22:02:19,434 [server.py:main()] - Server Shutdown
-------------------- Log Start | Tue Jan 23 21:02:20 2024 --------------------
data_path: /home/dietpi/printer_data
is_default_data_path: False
config_file: /home/dietpi/printer_data/config/moonraker.conf
startup_warnings: []
verbose: False
debug: False
asyncio_debug: False
is_backup_config: False
is_python_package: False
instance_uuid: b777dcf7ec8f45e0be825669e1e270a6
unix_socket_path: /home/dietpi/printer_data/comms/moonraker.sock
software_version: v0.8.0-286-gf44fc4b
git_branch: master
git_remote: origin
git_repo_url: https://github.com/Arksine/moonraker.git
modified_files: []
unofficial_components: []
log_file: /home/dietpi/printer_data/logs/moonraker.log
python_version: 3.11.2 (main, Mar 13 2023, 12:18:29) [GCC 12.2.0]
launch_args: /home/dietpi/moonraker-env/bin/python /home/dietpi/moonraker/moonraker/moonraker.py -d /home/dietpi/printer_data
msgspec_enabled: False
uvloop_enabled: False
2024-01-23 22:02:20,325 [confighelper.py:read_file()] - Configuration File '/home/dietpi/printer_data/config/moonraker.conf' parsed, total size: 1744 B
2024-01-23 22:02:20,325 [server.py:add_log_rollover_item()] - 
#################### Moonraker Configuration ####################

[server]
host = 0.0.0.0
port = 7125
klippy_uds_address = /home/dietpi/printer_data/comms/klippy.sock

[authorization]
trusted_clients = 
	10.0.0.0/8
	127.0.0.0/8
	169.254.0.0/16
	172.16.0.0/12
	192.168.0.0/16
	FE80::/10
	::1/128
cors_domains = 
	*.lan
	*.local
	*://localhost
	*://localhost:*
	*://my.mainsail.xyz
	*://app.fluidd.xyz

[octoprint_compat]

[history]

[update_manager]
channel = dev
refresh_interval = 168

[update_manager mainsail-config]
type = git_repo
primary_branch = master
path = ~/mainsail-config
origin = https://github.com/mainsail-crew/mainsail-config.git
managed_services = klipper

[update_manager mainsail]
type = web
channel = stable
repo = mainsail-crew/mainsail
path = ~/mainsail

[update_manager crowsnest]
type = git_repo
path = ~/crowsnest
origin = https://github.com/mainsail-crew/crowsnest.git
managed_services = crowsnest
install_script = tools/pkglist.sh

[power nous4]
type = homeassistant
address = 192.168.178.60
port = 8123
protocol = http
device = switch.nous4_switch
token = eyJhbGciOiJIUzI1NiIsInR5cCI6IkpXVCJ9.eyJpc3MiOiI3ZDRhNDc5ZDg4NDk0OGIwYjMzMzQ4YmUwN2RjNTY3ZiIsImlhdCI6MTY5NzQ2Mjc2NSwiZXhwIjoyMDEyODIyNzY1fQ.LXp-8zcFRI-cDFT5TIncg8M7f6o0iV-iMp04tnVa2N8
domain = switch
bound_services = klipper
locked_while_printing = True
on_when_job_queued = True
restart_klipper_when_powered = True
restart_delay = 2

[update_manager moonraker-obico]
type = git_repo
path = /home/dietpi/moonraker-obico
origin = https://github.com/TheSpaghettiDetective/moonraker-obico.git
env = /home/dietpi/moonraker-obico/../moonraker-obico-env/bin/python
requirements = requirements.txt
install_script = install.sh
managed_services = 
	moonraker-obico

#################################################################
All Configuration Files:
/home/dietpi/printer_data/config/moonraker.conf
/home/dietpi/printer_data/config/moonraker-obico-update.cfg
#################################################################
2024-01-23 22:02:20,430 [server.py:load_component()] - Component (secrets) loaded
2024-01-23 22:02:20,437 [server.py:load_component()] - Component (template) loaded
2024-01-23 22:02:20,447 [server.py:load_component()] - Component (klippy_connection) loaded
2024-01-23 22:02:20,983 [server.py:load_component()] - Component (application) loaded
2024-01-23 22:02:21,020 [server.py:load_component()] - Component (websockets) loaded
2024-01-23 22:02:21,066 [server.py:load_component()] - Component (dbus_manager) loaded
2024-01-23 22:02:21,074 [server.py:add_log_rollover_item()] - 
Database Versions: pylmdb = 1.4.1, lmdb = (0, 9, 29)
Unsafe Shutdown Count: 4
2024-01-23 22:02:21,081 [server.py:load_component()] - Component (database) loaded
2024-01-23 22:02:21,098 [file_manager.py:__init__()] - Using File System Observer: inotify
2024-01-23 22:02:21,125 [server.py:load_component()] - Component (file_manager) loaded
2024-01-23 22:02:21,129 [server.py:load_component()] - Component (klippy_apis) loaded
2024-01-23 22:02:21,164 [server.py:add_log_rollover_item()] - 
System Info:

***python***
  version: (3, 11, 2, 'final', 0)
  version_string: 3.11.2 (main, Mar 13 2023, 12:18:29) [GCC 12.2.0]

***cpu_info***
  cpu_count: 8
  bits: 32bit
  processor: armv7l
  cpu_desc: ARMv7 Processor rev 3 (v7l)
  serial_number: 0
  hardware_desc: Samsung Exynos (Flattened Device Tree)
  model: 
  total_memory: 2036572
  memory_units: kB

***sd_info***
  manufacturer_id: 03
  manufacturer: Sandisk
  oem_id: 5344
  product_name: SC32G
  product_revision: 8.0
  serial_number: 2c9e3bfd
  manufacturer_date: 6/2018
  capacity: 29.7 GiB
  total_bytes: 31914983424

***distribution***
  name: Debian GNU/Linux 12 (bookworm)
  id: debian
  version: 12
  version_parts: {'major': '12', 'minor': '', 'build_number': ''}
  like: 
  codename: bookworm
  release_info: {}

***virtualization***
  virt_type: none
  virt_identifier: none

***network***

***canbus***

***Allowed Services***
  klipper_mcu
  webcamd
  MoonCord
  KlipperScreen
  moonraker-telegram-bot
  moonraker-obico
  sonar
  crowsnest
  octoeverywhere
  ratos-configurator
2024-01-23 22:02:21,166 [server.py:load_component()] - Component (shell_command) loaded
2024-01-23 22:02:21,166 [machine.py:__init__()] - Using System Provider: systemd_dbus
2024-01-23 22:02:21,170 [server.py:load_component()] - Component (machine) loaded
2024-01-23 22:02:21,173 [server.py:load_component()] - Component (data_store) loaded
2024-01-23 22:02:21,176 [proc_stats.py:__init__()] - Unable to find 'vcgencmd', throttle checking disabled
2024-01-23 22:02:21,177 [server.py:load_component()] - Component (proc_stats) loaded
2024-01-23 22:02:21,179 [server.py:load_component()] - Component (job_state) loaded
2024-01-23 22:02:21,182 [server.py:load_component()] - Component (job_queue) loaded
2024-01-23 22:02:21,194 [server.py:load_component()] - Component (http_client) loaded
2024-01-23 22:02:21,199 [server.py:load_component()] - Component (announcements) loaded
2024-01-23 22:02:21,203 [server.py:load_component()] - Component (webcam) loaded
2024-01-23 22:02:21,205 [server.py:load_component()] - Component (extensions) loaded
2024-01-23 22:02:21,209 [power.py:__init__()] - Power component loading devices: ['power nous4']
2024-01-23 22:02:21,216 [server.py:load_component()] - Component (power) loaded
2024-01-23 22:02:21,219 [server.py:load_component()] - Component (history) loaded
2024-01-23 22:02:21,224 [server.py:load_component()] - Component (octoprint_compat) loaded
2024-01-23 22:02:21,277 [authorization.py:__init__()] - Authorization Configuration Loaded
Trusted Clients:
10.0.0.0/8
127.0.0.0/8
169.254.0.0/16
172.16.0.0/12
192.168.0.0/16
fe80::/10
::1/128
CORS Domains:
.*\.lan
.*\.local
.*://localhost
.*://localhost:.*
.*://my\.mainsail\.xyz
.*://app\.fluidd\.xyz
2024-01-23 22:02:21,280 [server.py:load_component()] - Component (authorization) loaded
2024-01-23 22:02:21,334 [base_deploy.py:log_info()] - Git Repo moonraker: Detected virtualenv: /home/dietpi/moonraker-env
2024-01-23 22:02:21,338 [base_deploy.py:log_info()] - Git Repo klipper: Detected virtualenv: /home/dietpi/klippy-env
2024-01-23 22:02:21,345 [base_deploy.py:log_info()] - Git Repo moonraker-obico: Option 'env' is deprecated, use 'virtualenv' instead.
2024-01-23 22:02:21,346 [base_deploy.py:log_info()] - Git Repo moonraker-obico: Detected virtualenv: /home/dietpi/moonraker-obico-env
2024-01-23 22:02:21,351 [server.py:load_component()] - Component (update_manager) loaded
2024-01-23 22:02:21,352 [server.py:_initialize_component()] - Performing Component Post Init: [dbus_manager]
2024-01-23 22:02:21,373 [server.py:_initialize_component()] - Performing Component Post Init: [file_manager]
2024-01-23 22:02:21,465 [server.py:_initialize_component()] - Performing Component Post Init: [machine]
2024-01-23 22:02:21,466 [machine.py:validation_init()] - Installation version in database up to date
2024-01-23 22:02:22,202 [machine.py:check_virt_status()] - No Virtualization Detected
2024-01-23 22:02:22,221 [machine.py:_find_public_ip()] - Detected Local IP: 192.168.178.63
2024-01-23 22:02:22,223 [webcam.py:_set_default_host_ip()] - Default public webcam address set: http://192.168.178.63
2024-01-23 22:02:22,331 [server.py:add_log_rollover_item()] - 
Systemd unit moonraker.service:
unit_name: moonraker.service
is_default: True
manager: systemd
Properties:
**Requires=['network-online.target', '-.mount', 'sysinit.target', 'system.slice']
**After=['sysinit.target', 'network-online.target', 'basic.target', 'system.slice', '-.mount', 'systemd-journald.socket']
**SupplementaryGroups=['moonraker-admin']
**EnvironmentFiles=/home/dietpi/printer_data/systemd/moonraker.env
**ExecStart=/home/dietpi/moonraker-env/bin/python $MOONRAKER_ARGS
**WorkingDirectory=/home/dietpi/moonraker
**FragmentPath=/etc/systemd/system/moonraker.service
**Description=API Server for Klipper SV1
**User=dietpi
2024-01-23 22:02:22,332 [server.py:_initialize_component()] - Performing Component Post Init: [proc_stats]
2024-01-23 22:02:22,332 [server.py:_initialize_component()] - Performing Component Post Init: [announcements]
2024-01-23 22:02:22,333 [server.py:_initialize_component()] - Performing Component Post Init: [webcam]
2024-01-23 22:02:22,333 [webcam.py:_set_default_host_ip()] - Default public webcam address set: http://192.168.178.63
2024-01-23 22:02:22,334 [server.py:_initialize_component()] - Performing Component Post Init: [klippy_connection]
2024-01-23 22:02:22,334 [server.py:add_log_rollover_item()] - 
Systemd unit klipper.service:
unit_name: klipper.service
is_default: True
manager: systemd
Properties:
**Requires=['sysinit.target', '-.mount', 'system.slice']
**After=['system.slice', 'systemd-journald.socket', 'basic.target', 'klipper-mcu.service', 'network-online.target', 'sysinit.target', '-.mount']
**SupplementaryGroups=[]
**EnvironmentFiles=/home/dietpi/printer_data/systemd/klipper.env
**ExecStart=/home/dietpi/klippy-env/bin/python $KLIPPER_ARGS
**WorkingDirectory=/home/dietpi/klipper
**FragmentPath=/etc/systemd/system/klipper.service
**Description=Klipper 3D Printer Firmware SV1
**User=dietpi
2024-01-23 22:02:22,334 [server.py:_initialize_component()] - Performing Component Post Init: [power]
2024-01-23 22:02:22,335 [power.py:_setup_bound_services()] - Power Device 'nous4' bound to services: klipper
2024-01-23 22:02:22,335 [server.py:_initialize_component()] - Performing Component Post Init: [history]
2024-01-23 22:02:22,339 [server.py:_initialize_component()] - Performing Component Post Init: [authorization]
2024-01-23 22:02:22,339 [server.py:_initialize_component()] - Performing Component Post Init: [update_manager]
2024-01-23 22:02:22,449 [base_deploy.py:log_info()] - PackageDeploy: PackageKit Provider Configured
2024-01-23 22:02:22,450 [base_deploy.py:log_info()] - Git Repo moonraker: Stored pip version: 23.3.1
2024-01-23 22:02:23,014 [git_deploy.py:log_repo_info()] - Git Repo moonraker Detected:
Owner: Arksine
Repository Name: moonraker
Path: /home/dietpi/moonraker
Remote: origin
Branch: master
Remote URL: https://github.com/Arksine/moonraker.git
Recovery URL: https://github.com/Arksine/moonraker.git
Current Commit SHA: f44fc4b85be5d6f6569edeb332c8e2770a39d1cd
Upstream Commit SHA: f44fc4b85be5d6f6569edeb332c8e2770a39d1cd
Current Version: v0.8.0-286-gf44fc4b8
Upstream Version: v0.8.0-286-gf44fc4b8
Rollback Commit: d10ce8772dc5bdf3195f89783cf2f858b3c33b50
Rollback Branch: master
Rollback Version: v0.8.0-283-gd10ce877
Is Dirty: False
Is Detached: False
Is Shallow: False
Commits Behind Count: 0
Diverged: False
2024-01-23 22:02:23,820 [git_deploy.py:log_repo_info()] - Git Repo klipper Detected:
Owner: Klipper3d
Repository Name: klipper
Path: /home/dietpi/klipper
Remote: origin
Branch: master
Remote URL: https://github.com/Klipper3d/klipper
Recovery URL: https://github.com/Klipper3d/klipper
Current Commit SHA: 2e8b54ae5f01e2c4897eec109cd8a0cb3c0e5c4a
Upstream Commit SHA: 2e8b54ae5f01e2c4897eec109cd8a0cb3c0e5c4a
Current Version: v0.12.0-88-g2e8b54ae
Upstream Version: v0.12.0-88-g2e8b54ae
Rollback Commit: d785b396a72b57c073ce5bdf7a9d5e9fe39fc914
Rollback Branch: master
Rollback Version: v0.12.0-85-gd785b396
Is Dirty: False
Is Detached: False
Is Shallow: False
Commits Behind Count: 0
Diverged: False
2024-01-23 22:02:24,402 [git_deploy.py:log_repo_info()] - Git Repo mainsail-config Detected:
Owner: mainsail-crew
Repository Name: mainsail-config
Path: /home/dietpi/mainsail-config
Remote: origin
Branch: master
Remote URL: https://github.com/mainsail-crew/mainsail-config.git
Recovery URL: https://github.com/mainsail-crew/mainsail-config.git
Current Commit SHA: e57810d51b5c634aadaca4db923bfcba269ae4b3
Upstream Commit SHA: e57810d51b5c634aadaca4db923bfcba269ae4b3
Current Version: v1.2.1-0-ge57810d5
Upstream Version: v1.2.1-0-ge57810d5
Rollback Commit: 76a9999986b03abb3aed272dc0a818f13a18ea7e
Rollback Branch: master
Rollback Version: v1.1.0-1-g76a99999
Is Dirty: False
Is Detached: False
Is Shallow: False
Commits Behind Count: 0
Diverged: False
2024-01-23 22:02:24,406 [base_deploy.py:log_info()] - Web Client mainsail: Detected
Repo: mainsail-crew/mainsail
Channel: stable
Path: /home/dietpi/mainsail
Local Version: v2.9.1
Remote Version: v2.9.1
Valid: True
Fallback Detected: False
Pre-release: False
Download Url: https://github.com/mainsail-crew/mainsail/releases/download/v2.9.1/mainsail.zip
Download Size: 2071443
Content Type: application/zip
Rollback Version: v2.9.0
Rollback Repo: mainsail-crew/mainsail
2024-01-23 22:02:24,954 [git_deploy.py:log_repo_info()] - Git Repo crowsnest Detected:
Owner: mainsail-crew
Repository Name: crowsnest
Path: /home/dietpi/crowsnest
Remote: origin
Branch: master
Remote URL: https://github.com/mainsail-crew/crowsnest.git
Recovery URL: https://github.com/mainsail-crew/crowsnest.git
Current Commit SHA: c0c9c418c8e7d6158bfd7bb51a184ab20b77d075
Upstream Commit SHA: c0c9c418c8e7d6158bfd7bb51a184ab20b77d075
Current Version: v4.1.3-1-gc0c9c418
Upstream Version: v4.1.3-1-gc0c9c418
Rollback Commit: f7ac6aa298143f0019eae9b2b2be8039196ebeda
Rollback Branch: master
Rollback Version: v4.1.1-1-gf7ac6aa2
Is Dirty: False
Is Detached: False
Is Shallow: False
Commits Behind Count: 0
Diverged: False
2024-01-23 22:02:25,528 [git_deploy.py:log_repo_info()] - Git Repo moonraker-obico Detected:
Owner: TheSpaghettiDetective
Repository Name: moonraker-obico
Path: /home/dietpi/moonraker-obico
Remote: origin
Branch: master
Remote URL: https://github.com/TheSpaghettiDetective/moonraker-obico.git
Recovery URL: https://github.com/TheSpaghettiDetective/moonraker-obico.git
Current Commit SHA: 1dc1b19c7ab53e15d89c6edbdf34a635439aad0c
Upstream Commit SHA: 1dc1b19c7ab53e15d89c6edbdf34a635439aad0c
Current Version: v1.5.4-0-g1dc1b19c
Upstream Version: v1.5.4-0-g1dc1b19c
Rollback Commit: 1dc1b19c7ab53e15d89c6edbdf34a635439aad0c
Rollback Branch: master
Rollback Version: v1.5.4-0-g1dc1b19c
Is Dirty: False
Is Detached: False
Is Shallow: False
Commits Behind Count: 0
Diverged: False
2024-01-23 22:02:25,530 [base_deploy.py:log_info()] - PackageKit: Next refresh in: 6 Days, 23 Hours, 59 Minutes, 27 Seconds
2024-01-23 22:02:25,531 [base_deploy.py:log_info()] - Git Repo moonraker: Next refresh in: 6 Days, 23 Hours, 59 Minutes, 53 Seconds
2024-01-23 22:02:25,531 [base_deploy.py:log_info()] - Git Repo klipper: Next refresh in: 6 Days, 23 Hours, 59 Minutes, 50 Seconds
2024-01-23 22:02:25,531 [base_deploy.py:log_info()] - Git Repo mainsail-config: Next refresh in: 6 Days, 23 Hours, 59 Minutes, 32 Seconds
2024-01-23 22:02:25,531 [base_deploy.py:log_info()] - Web Client mainsail: Next refresh in: 6 Days, 23 Hours, 59 Minutes, 32 Seconds
2024-01-23 22:02:25,532 [base_deploy.py:log_info()] - Git Repo crowsnest: Next refresh in: 6 Days, 23 Hours, 59 Minutes, 33 Seconds
2024-01-23 22:02:25,532 [base_deploy.py:log_info()] - Git Repo moonraker-obico: Next refresh in: 6 Days, 23 Hours, 59 Minutes, 34 Seconds
2024-01-23 22:02:25,545 [extensions.py:start_unix_server()] - Creating Unix Domain Socket at '/home/dietpi/printer_data/comms/moonraker.sock'
2024-01-23 22:02:25,549 [server.py:start_server()] - Starting Moonraker on (0.0.0.0, 7125), Hostname: xu4
2024-01-23 22:02:25,554 [application.py:listen()] - SSL Certificate/Key not configured, aborting HTTPS Server startup
2024-01-23 22:02:25,569 [authorization.py:_check_trusted_connection()] - Trusted Connection Detected, IP: 192.168.178.22
2024-01-23 22:02:25,582 [application.py:log_request()] - 101 GET /websocket (192.168.178.22) [_TRUSTED_USER_] 17.15ms
2024-01-23 22:02:25,584 [websockets.py:open()] - Websocket Opened: ID: 2821054832, Proxied: True, User Agent: Mozilla/5.0 (X11; Linux x86_64; rv:121.0) Gecko/20100101 Firefox/121.0, Host Name: 192.168.178.63
2024-01-23 22:02:25,592 [websockets.py:_handle_identify()] - Websocket 2821054832 Client Identified - Name: mainsail, Version: 2.9.1, Type: web
2024-01-23 22:02:25,816 [klippy_connection.py:_do_connect()] - Klippy Connection Established
2024-01-23 22:02:26,282 [server.py:add_log_rollover_item()] - Klipper Version: v0.12.0-88-g2e8b54ae
2024-01-23 22:02:26,310 [common.py:build_error()] - JSON-RPC Request Error - Requested Method: printer.info, Code: -32601, Message: Method not found
2024-01-23 22:02:26,354 [klippy_connection.py:_request_initial_subscriptions()] - Webhooks Subscribed
2024-01-23 22:02:26,357 [klippy_connection.py:_request_initial_subscriptions()] - GCode Output Subscribed
2024-01-23 22:02:26,607 [job_state.py:_handle_started()] - Job state initialized: standby
2024-01-23 22:02:26,918 [klippy_connection.py:_check_ready()] - Klippy ready
2024-01-23 22:02:27,403 [data_store.py:_init_sensors()] - Configuring available sensors: ['temperature_sensor host', 'heater_bed', 'temperature_sensor mcu_temp', 'extruder']
2024-01-23 22:02:28,936 [websockets.py:on_close()] - Websocket Closed: ID: 2821054832 Close Code: 1001, Close Reason: None, Pong Time Elapsed: 3.37
2024-01-23 22:02:29,288 [application.py:log_request()] - 101 GET /websocket (192.168.178.22) [_TRUSTED_USER_] 10.78ms
2024-01-23 22:02:29,290 [websockets.py:open()] - Websocket Opened: ID: 2821226640, Proxied: True, User Agent: Mozilla/5.0 (X11; Linux x86_64; rv:121.0) Gecko/20100101 Firefox/121.0, Host Name: 192.168.178.63
2024-01-23 22:02:29,303 [websockets.py:_handle_identify()] - Websocket 2821226640 Client Identified - Name: mainsail, Version: 2.9.1, Type: web
2024-01-23 22:02:49,443 [authorization.py:_check_trusted_connection()] - Trusted Connection Detected, IP: 192.168.178.60
2024-01-23 22:02:49,449 [application.py:log_request()] - 101 GET /websocket (192.168.178.60) [_TRUSTED_USER_] 10.36ms
2024-01-23 22:02:49,451 [websockets.py:open()] - Websocket Opened: ID: 2821138352, Proxied: False, User Agent: HomeAssistant/2024.1.5 aiohttp/3.9.1 Python/3.11, Host Name: 192.168.178.63
2024-01-23 22:04:09,025 [klippy_connection.py:wait()] - Request 'gcode/script' pending: 60.01 seconds
2024-01-23 22:05:09,029 [klippy_connection.py:wait()] - Request 'gcode/script' pending: 120.01 seconds
2024-01-23 22:06:09,034 [klippy_connection.py:wait()] - Request 'gcode/script' pending: 180.01 seconds
2024-01-23 22:07:09,037 [klippy_connection.py:wait()] - Request 'gcode/script' pending: 240.02 seconds
2024-01-23 22:08:09,041 [klippy_connection.py:wait()] - Request 'gcode/script' pending: 300.02 seconds
2024-01-23 22:08:52,887 [application.py:prepare()] - Upload Request Received from 192.168.178.22
Content-Type: multipart/form-data; boundary=------------------------6fd3cdc8e6fcc55b
2024-01-23 22:08:53,147 [application.py:post()] - Processing Uploaded File: V3_probe_mount_less_fillets-cut_57m_0.20mm_205C_PLA_ENDER3V2.gcode
2024-01-23 22:08:53,450 [shell_command.py:pipe_data_received()] - INFO:metadata:Object Processing is disabled

2024-01-23 22:08:53,538 [shell_command.py:_check_proc_success()] - Command (/home/dietpi/moonraker-env/bin/python /home/dietpi/moonraker/moonraker/components/file_manager/metadata.py -p /home/dietpi/printer_data/gcodes -f "V3_probe_mount_less_fillets-cut_57m_0.20mm_205C_PLA_ENDER3V2.gcode") successfully finished
2024-01-23 22:08:53,564 [application.py:log_request()] - 201 POST /server/files/upload (192.168.178.22) [_TRUSTED_USER_] 680.72ms
2024-01-23 22:09:01,416 [klippy_connection.py:_on_connection_closed()] - Klippy Connection Removed
2024-01-23 22:09:02,698 [klippy_connection.py:_do_connect()] - Klippy Connection Established
2024-01-23 22:09:06,025 [klippy_connection.py:_request_initial_subscriptions()] - Webhooks Subscribed
2024-01-23 22:09:06,033 [klippy_connection.py:_request_initial_subscriptions()] - GCode Output Subscribed
2024-01-23 22:09:06,277 [job_state.py:_handle_started()] - Job state initialized: standby
2024-01-23 22:09:06,572 [klippy_connection.py:_check_ready()] - Klippy ready
2024-01-23 22:09:07,313 [data_store.py:_init_sensors()] - Configuring available sensors: ['temperature_sensor host', 'heater_bed', 'temperature_sensor mcu_temp', 'extruder']
2024-01-23 22:09:30,668 [application.py:prepare()] - Upload Request Received from 192.168.178.22
Content-Type: multipart/form-data; boundary=------------------------5f52dfce6ec739cd
2024-01-23 22:09:30,803 [application.py:post()] - Processing Uploaded File: sawtooth_hanger_19m_0.20mm_205C_PLA_ENDER3V2.gcode
2024-01-23 22:09:31,103 [shell_command.py:pipe_data_received()] - INFO:metadata:Object Processing is disabled

2024-01-23 22:09:31,175 [shell_command.py:_check_proc_success()] - Command (/home/dietpi/moonraker-env/bin/python /home/dietpi/moonraker/moonraker/components/file_manager/metadata.py -p /home/dietpi/printer_data/gcodes -f "sawtooth_hanger_19m_0.20mm_205C_PLA_ENDER3V2.gcode") successfully finished
2024-01-23 22:09:31,223 [application.py:log_request()] - 201 POST /server/files/upload (192.168.178.22) [_TRUSTED_USER_] 558.46ms
2024-01-23 22:09:31,403 [job_state.py:_status_update()] - Job Started: sawtooth_hanger_19m_0.20mm_205C_PLA_ENDER3V2.gcode
2024-01-23 22:10:26,200 [application.py:prepare()] - Upload Request Received from 192.168.178.22
Content-Type: multipart/form-data; boundary=------------------------43d5b62ebdef8752
2024-01-23 22:10:30,044 [application.py:post()] - Processing Uploaded File: Cluck_Duct_Main_Body_V3_No_Logo_12h41m_0.20mm_205C_PLA_ENDER3V2.gcode
2024-01-23 22:10:30,533 [shell_command.py:pipe_data_received()] - INFO:metadata:Object Processing is disabled

2024-01-23 22:10:30,643 [shell_command.py:_check_proc_success()] - Command (/home/dietpi/moonraker-env/bin/python /home/dietpi/moonraker/moonraker/components/file_manager/metadata.py -p /home/dietpi/printer_data/gcodes -f "Cluck_Duct_Main_Body_V3_No_Logo_12h41m_0.20mm_205C_PLA_ENDER3V2.gcode") successfully finished
2024-01-23 22:10:30,656 [application.py:log_request()] - 201 POST /server/files/upload (192.168.178.22) [_TRUSTED_USER_] 4458.72ms
2024-01-23 22:12:46,680 [application.py:prepare()] - Upload Request Received from 192.168.178.22
Content-Type: multipart/form-data; boundary=------------------------7cc21d0c7bb0b765
2024-01-23 22:12:49,999 [application.py:post()] - Processing Uploaded File: Cluck_Duct_Main_Body_V3_No_Logo_10h30m_0.20mm_205C_PLA_ENDER3V2.gcode
2024-01-23 22:12:50,511 [shell_command.py:pipe_data_received()] - INFO:metadata:Object Processing is disabled

2024-01-23 22:12:50,617 [shell_command.py:_check_proc_success()] - Command (/home/dietpi/moonraker-env/bin/python /home/dietpi/moonraker/moonraker/components/file_manager/metadata.py -p /home/dietpi/printer_data/gcodes -f "Cluck_Duct_Main_Body_V3_No_Logo_10h30m_0.20mm_205C_PLA_ENDER3V2.gcode") successfully finished
2024-01-23 22:12:50,633 [application.py:log_request()] - 201 POST /server/files/upload (192.168.178.22) [_TRUSTED_USER_] 3956.50ms
